[TASK]

[LOG]

[LINK]
https://developer.chrome.com/apps/storage
https://gyuyeon.tistory.com/6

[WORK]
[2020-12-01 14:56:40]
 - Time tracker + Usaged 코드 통합

[11/20]
 - Time tracker 코드 추가 
 - https://chrome.google.com/webstore/detail/web-activity-time-tracker/hhfnghjdeddcfegfekjeihfmbjenlomm/related

[11/19]
 - web traffic 코드 추가
 - 일정시간마다 누적된 데이터 merge코드 필요


[TODO]
[2020-12-03 05:56:20]
- 마우스 우클릭, 드래그기능 활성화
- 키워드 분석하기 요청

[2020-12-03 04:34:19]
 - 10초 이상, 5분미만 제외(원페이지 사이트 제외) 방문했던 페이지 URL 수집, 개별 URL마다 방문했던 횟수 기록


슬라이드 기능 구현
- https://www.similarweb.com/corp/extension-welcome/
데이터 모델링
 - 지정된 도메인 목록을 기준으로 사용량 평가, 나머지는 그외 항목으로 지정
 - 데이터 사용량에 대한 누적량 계측 방안 구현

[Library]
https://angular-ui.github.io/bootstrap/
https://morgul.github.io/ui-bootstrap4/

[git]
gitignore작업
- https://gmlwjd9405.github.io/2017/10/06/make-gitignore-file.html

[Theme]
https://codentheme.com/item/label-free-admin-dashboard-template/
https://codentheme.com/item/label-pro-responsive-admin-dashboard-template/
https://themes.getbootstrap.com/product/falcon-admin-dashboard-webapp-template/
https://themes.getbootstrap.com/product/keen-the-ultimate-bootstrap-admin-theme/

[읽기]
데이터 리소스 읽기
https://developers.google.com/web/updates/2016/06/performance-observer
소스코드, 리뷰 결과 안좋음, 참고만 할것
https://chrome.google.com/webstore/detail/data-usage/dopfdeikfpadofngjnjokfgmboicnppc?hl=en-GB
https://chrome.google.com/webstore/detail/net-usage-extension/dcoehgalcmebfjgkbhbpllfhjcclkjan?hl=en-GB

[Chrome]
Firebase사용하기
https://developers-kr.googleblog.com/2016/08/how-to-use-firebase-in-chrome-extension.html