[2021-01-05 09:51:15]
 - 클라우드 동기화시 데이터가 아무것도 없는경우 DB 기본값 세팅

[2020-12-28 13:10:25]
 - 도메인 카테고리 목록
  * https://developer.apple.com/kr/app-store/categories/
  * 사용자에 의해 카테고리 분류를 선택할수 있도록함
    - 해야하는 동기? 보상을 해줄게 있나?
    - 하지 않아도 잘 동작할듯
[2020-12-11 08:46:20]
 - 웹로그인
  * 크롬 확장기능이 설치되어 있고, 동기화 기능을 사용하는 사용자만 로그인 가능
  * 크롬 확장기능을 통해 로그인을 하고, firebase의 데이터를 사용하여 화면을 구성한다.
  * 웹에서는 어떤 기능을 더 보여줄것인가?
    - 자신의 계정에 있는 데이터 read_only 형태로 대시보드 화면 구성
    - 좀더 상세하고 복잡한 차트 구성
    - 다른 사용자들과 상대적인 데이터 통계 화면 구성
 - 웹 광고 기능
  * 모바일 앱을 통해 pro버전 구매시 웹 화면에는 앱 광고및 애드센스 광고 노출하지 않음
 - 모바일 버전 출시
  * lite버전 : 애드센스및 고급기능 사용 일부 사용가능하면 pro버전 구매 유도
  * pro버전 : 모든 기능 unlock, 가능하면 정기 결재 모델 사용
[2020-12-09 00:40:15]
 - 알람
   - 사용자가 특정 조건에 알람을 받고자 하는 경우의 옵션을 지정한다.
   - 인터넷 사용시간 3시간을 초과하면 메세지 알람
   - 데이터 용량 3시간을 초과화면 메세지 알람
   - 알람 히스토리 제공

[2020-12-02 06:37:26]
 - 사용자 옵션에 따라 badge에 보이는 데이터가 각각 다르게 표현
 - 포스트 코로나 시대에 대하여 부모가 자녀 PC에 대한 인터넷 모니터링및 컨트롤을 위한 솔류션 제공?
 - 사용자 계정 정보를 통해 사용자 목록을 관리하고(친추?) 다 같이 묶어서 볼수 있도록 제공한다. (기업용 유료버전?)
[2020-12-01 14:58:21]
 - 사용자가 어떤 상품을 많이 봤는지
